<?xml version="1.0" encoding="UTF-8"?>
<!-- Generated by org.testng.reporters.JUnitReportReporter -->
<testsuite hostname="PS7601" name="com.pac2.TestClass3" tests="2" failures="0" timestamp="28 Oct 2016 06:20:44 GMT" time="0.000" errors="0">
  <testcase name="testMethod1" time="0.000" classname="com.pac2.TestClass3"/>
  <testcase name="testMethod2" time="0.000" classname="com.pac2.TestClass3"/>
</testsuite> <!-- com.pac2.TestClass3 -->
