<?xml version="1.0" encoding="UTF-8"?>
<!-- Generated by org.testng.reporters.JUnitReportReporter -->
<testsuite hostname="PS7601" name="com.pac2.TestClass4" tests="2" failures="0" timestamp="13 Dec 2016 14:11:51 GMT" time="0.210" errors="0">
  <testcase name="testMethod1" time="0.208" classname="com.pac2.TestClass4"/>
  <testcase name="testMethod2" time="0.002" classname="com.pac2.TestClass4"/>
</testsuite> <!-- com.pac2.TestClass4 -->
